\2025-08-19 12:57:45,522 - __main__ - INFO - Computational device initialized: cuda
2025-08-19 12:57:58,738 - __main__ - INFO - Initialized train dataset with 75560 samples
2025-08-19 12:57:59,039 - __main__ - INFO - Initialized val dataset with 21589 samples
2025-08-19 12:57:59,342 - __main__ - INFO - Initialized test dataset with 10795 samples
2025-08-19 17:30:35,414 - __main__ - INFO - Computational device initialized: cuda
2025-08-19 17:30:37,888 - __main__ - INFO - Initialized train dataset with 75560 samples
2025-08-19 17:30:38,150 - __main__ - INFO - Initialized val dataset with 21589 samples
2025-08-19 17:30:38,410 - __main__ - INFO - Initialized test dataset with 10795 samples
2025-08-19 17:34:31,321 - __main__ - INFO - Computational device initialized: cuda
2025-08-19 17:34:37,990 - __main__ - INFO - Initialized train dataset with 75560 samples
2025-08-19 17:34:38,330 - __main__ - INFO - Initialized val dataset with 21589 samples
2025-08-19 17:34:38,650 - __main__ - INFO - Initialized test dataset with 10795 samples
2025-08-19 17:34:39,344 - huggingface_hub.file_download - WARNING - Xet Storage is enabled for this repo, but the 'hf_xet' package is not installed. Falling back to regular HTTP download. For better performance, install the package with: `pip install huggingface_hub[hf_xet]` or `pip install hf_xet`
2025-08-19 18:06:53,562 - __main__ - WARNING - NaN gradients detected at batch 26933, skipping step...
2025-08-19 19:40:28,359 - __main__ - INFO - Computational device initialized: cuda
2025-08-19 19:40:34,751 - __main__ - INFO - Initialized train dataset with 75560 samples
2025-08-19 19:40:35,018 - __main__ - INFO - Initialized val dataset with 21589 samples
2025-08-19 19:40:35,276 - __main__ - INFO - Initialized test dataset with 10795 samples
2025-08-19 20:12:46,109 - __main__ - WARNING - NaN gradients detected at batch 30797, skipping step...
2025-08-19 20:17:54,781 - __main__ - WARNING - NaN gradients detected at batch 35767, skipping step...
2025-08-19 20:20:00,799 - __main__ - INFO - Epoch 1/5, Average Loss: 0.0909
2025-08-19 20:28:47,700 - __main__ - WARNING - NaN gradients detected at batch 7717, skipping step...
2025-08-19 20:35:32,802 - __main__ - WARNING - NaN gradients detected at batch 13781, skipping step...
2025-08-19 20:41:12,129 - __main__ - WARNING - NaN gradients detected at batch 17869, skipping step...
2025-08-19 21:04:09,025 - __main__ - WARNING - NaN gradients detected at batch 35125, skipping step...
2025-08-19 21:07:34,447 - __main__ - INFO - Epoch 2/5, Average Loss: 0.0678
2025-08-19 21:12:19,835 - __main__ - WARNING - NaN gradients detected at batch 3803, skipping step...
2025-08-19 21:16:30,656 - __main__ - WARNING - NaN gradients detected at batch 7811, skipping step...
2025-08-19 21:23:42,600 - __main__ - WARNING - NaN gradients detected at batch 14537, skipping step...
2025-08-19 21:37:50,438 - __main__ - WARNING - NaN gradients detected at batch 24211, skipping step...
2025-08-19 21:43:31,966 - __main__ - WARNING - NaN gradients detected at batch 28265, skipping step...
2025-08-19 21:49:37,334 - __main__ - WARNING - NaN gradients detected at batch 32345, skipping step...
2025-08-19 21:57:34,807 - __main__ - INFO - Epoch 3/5, Average Loss: 0.0480
2025-08-19 22:05:08,299 - __main__ - WARNING - NaN gradients detected at batch 4521, skipping step...
2025-08-19 22:23:35,813 - __main__ - WARNING - NaN gradients detected at batch 16593, skipping step...
2025-08-19 22:33:41,170 - __main__ - WARNING - NaN gradients detected at batch 22541, skipping step...
2025-08-19 23:01:29,580 - __main__ - INFO - Epoch 4/5, Average Loss: 0.0285
2025-08-19 23:06:05,098 - __main__ - WARNING - NaN gradients detected at batch 1833, skipping step...
2025-08-19 23:11:07,243 - __main__ - WARNING - NaN gradients detected at batch 4685, skipping step...
2025-08-19 23:56:48,994 - __main__ - WARNING - NaN gradients detected at batch 35267, skipping step...
2025-08-20 00:00:04,581 - __main__ - INFO - Epoch 5/5, Average Loss: 0.0138
2025-08-20 00:03:13,131 - __main__ - INFO - Validation Accuracy: 99.69%
2025-08-20 00:04:33,601 - __main__ - INFO - Validation Accuracy: 99.65%
2025-08-20 00:04:33,603 - __main__ - INFO - Final Test Set Accuracy: 99.65%
